2019-07-22 13:53:22,517 INFO main control - pipeline log is pipeline.log
2019-07-22 13:53:22,518 INFO main experiment - output generated by bgwas3/bgwas3.py plot full \
                                              job started at Mon Jul 22 13:53:22 2019 on Gregorys-MacBook-Air.local -- 576b3e6c-28a8-492a-9469-9bd34585c05f \
                                              pid: 15212, system: Darwin 18.6.0 Darwin Kernel Version 18.6.0: Thu Apr 25 23:16:27 PDT 2019; root:xnu-4903.261.4~2/RELEASE_X86_64 x86_64
2019-07-22 13:53:22,518 INFO main experiment - always_mount                            : False \
                                              cluster_memory_default                  : unlimited \
                                              cluster_memory_resource                 : None \
                                              cluster_num_jobs                        : None \
                                              cluster_options                         : None \
                                              cluster_parallel_environment            : None \
                                              cluster_priority                        : None \
                                              cluster_queue                           : None \
                                              cluster_queue_manager                   : sge \
                                              config_file                             : pipeline.yml \
                                              debug                                   : False \
                                              dry_run                                 : False \
                                              engine                                  : local \
                                              exceptions_terminate_immediately        : None \
                                              force_run                               : False \
                                              input_globs                             : [] \
                                              input_validation                        : False \
                                              is_test                                 : False \
                                              log_config_filename                     : None \
                                              log_exceptions                          : True \
                                              loglevel                                : 1 \
                                              multiprocess                            : None \
                                              only_info                               : False \
                                              pipeline_action                         : None \
                                              pipeline_format                         : svg \
                                              pipeline_logfile                        : pipeline.log \
                                              pipeline_targets                        : [] \
                                              random_seed                             : None \
                                              ruffus_checksums_level                  : 0 \
                                              shell_logfile                           : None \
                                              short_help                              : None \
                                              stderr                                  : <_io.TextIOWrapper name='<stderr>' mode='w' encoding='UTF-8'> \
                                              stdin                                   : <_io.TextIOWrapper name='<stdin>' mode='r' encoding='UTF-8'> \
                                              stdlog                                  : <_io.TextIOWrapper name='<stdout>' mode='w' encoding='UTF-8'> \
                                              stdout                                  : <_io.TextIOWrapper name='<stdout>' mode='w' encoding='UTF-8'> \
                                              terminate                               : None \
                                              timeit_file                             : None \
                                              timeit_header                           : None \
                                              timeit_name                             : all \
                                              tracing                                 : None \
                                              variables_to_set                        : [] \
                                              without_cluster                         : False \
                                              work_dir                                : None
2019-07-22 13:53:22,518 INFO main control - started in directory: /Users/gregory/Projects/bgwas3
2019-07-22 13:53:22,567 INFO main control - code location: /Users/gregory/Projects/bgwas3/env/lib/python3.7/site-packages/cgatcore/pipeline
2019-07-22 13:53:22,568 INFO main control - code version: 04c3db444807b47e91d797ecec737d3851183a64
2019-07-22 13:53:22,568 INFO main control - working directory is: /Users/gregory/Projects/bgwas3
2019-07-22 13:53:22,569 INFO main control - changing directory to /Users/gregory/Projects/bgwas3
2019-07-22 13:53:22,569 INFO main control - pipeline has been initialized
2019-07-22 13:53:22,569 INFO main control - temporary directory is /var/folders/3x/d626g3p96zgdb9c2jsqvvfxr0000gn/T/
