2019-07-18 22:52:12,152 INFO main control - pipeline log is pipeline.log
2019-07-18 22:52:12,153 INFO main experiment - output generated by bgwas3.py plot full \
                                              job started at Thu Jul 18 22:52:12 2019 on login-7 -- cbdcc275-efb5-4e58-8e0f-33ff5466a32e \
                                              pid: 9000, system: Linux 3.10.0-957.21.3.el7.x86_64 #1 SMP Tue Jun 18 16:35:19 UTC 2019 x86_64
2019-07-18 22:52:12,153 INFO main experiment - always_mount                            : False \
                                              cluster_memory_default                  : unlimited \
                                              cluster_memory_resource                 : None \
                                              cluster_num_jobs                        : None \
                                              cluster_options                         : None \
                                              cluster_parallel_environment            : None \
                                              cluster_priority                        : None \
                                              cluster_queue                           : None \
                                              cluster_queue_manager                   : sge \
                                              config_file                             : pipeline.yml \
                                              debug                                   : False \
                                              dry_run                                 : False \
                                              engine                                  : local \
                                              exceptions_terminate_immediately        : None \
                                              force_run                               : False \
                                              input_globs                             : [] \
                                              input_validation                        : False \
                                              is_test                                 : False \
                                              log_config_filename                     : None \
                                              log_exceptions                          : True \
                                              loglevel                                : 1 \
                                              multiprocess                            : None \
                                              only_info                               : False \
                                              pipeline_action                         : None \
                                              pipeline_format                         : svg \
                                              pipeline_logfile                        : pipeline.log \
                                              pipeline_targets                        : [] \
                                              random_seed                             : None \
                                              ruffus_checksums_level                  : 0 \
                                              shell_logfile                           : None \
                                              short_help                              : None \
                                              stderr                                  : <_io.TextIOWrapper name='<stderr>' mode='w' encoding='UTF-8'> \
                                              stdin                                   : <_io.TextIOWrapper name='<stdin>' mode='r' encoding='UTF-8'> \
                                              stdlog                                  : <_io.TextIOWrapper name='<stdout>' mode='w' encoding='UTF-8'> \
                                              stdout                                  : <_io.TextIOWrapper name='<stdout>' mode='w' encoding='UTF-8'> \
                                              terminate                               : None \
                                              timeit_file                             : None \
                                              timeit_header                           : None \
                                              timeit_name                             : all \
                                              tracing                                 : None \
                                              variables_to_set                        : [] \
                                              without_cluster                         : False \
                                              work_dir                                : None
2019-07-18 22:52:12,156 INFO main control - started in directory: /rdsgpfs/general/user/grl2718/home/Projects/bgwas3/bgwas3
2019-07-18 22:52:12,185 INFO main control - code location: /rdsgpfs/general/user/grl2718/home/Projects/bgwas3/env/lib/python3.6/site-packages/cgatcore/pipeline
2019-07-18 22:52:12,186 INFO main control - code version: 0ce32f50e2cfbbd4b101a4f2100e9caec4994735
2019-07-18 22:52:12,186 INFO main control - working directory is: /rdsgpfs/general/user/grl2718/home/Projects/bgwas3/bgwas3
2019-07-18 22:52:12,186 INFO main control - changing directory to /rdsgpfs/general/user/grl2718/home/Projects/bgwas3/bgwas3
2019-07-18 22:52:12,186 INFO main control - pipeline has been initialized
2019-07-18 22:52:12,189 INFO main control - temporary directory is /rds/general/ephemeral/user/grl2718/ephemeral/
2019-07-18 22:52:36,579 INFO main control - pipeline log is pipeline.log
2019-07-18 22:52:36,580 INFO main experiment - output generated by bgwas3.py plot \
                                              job started at Thu Jul 18 22:52:36 2019 on login-7 -- 920fcc01-726c-4460-a80f-3bd59c3b1d67 \
                                              pid: 9084, system: Linux 3.10.0-957.21.3.el7.x86_64 #1 SMP Tue Jun 18 16:35:19 UTC 2019 x86_64
2019-07-18 22:52:36,580 INFO main experiment - always_mount                            : False \
                                              cluster_memory_default                  : unlimited \
                                              cluster_memory_resource                 : None \
                                              cluster_num_jobs                        : None \
                                              cluster_options                         : None \
                                              cluster_parallel_environment            : None \
                                              cluster_priority                        : None \
                                              cluster_queue                           : None \
                                              cluster_queue_manager                   : sge \
                                              config_file                             : pipeline.yml \
                                              debug                                   : False \
                                              dry_run                                 : False \
                                              engine                                  : local \
                                              exceptions_terminate_immediately        : None \
                                              force_run                               : False \
                                              input_globs                             : [] \
                                              input_validation                        : False \
                                              is_test                                 : False \
                                              log_config_filename                     : None \
                                              log_exceptions                          : True \
                                              loglevel                                : 1 \
                                              multiprocess                            : None \
                                              only_info                               : False \
                                              pipeline_action                         : None \
                                              pipeline_format                         : svg \
                                              pipeline_logfile                        : pipeline.log \
                                              pipeline_targets                        : [] \
                                              random_seed                             : None \
                                              ruffus_checksums_level                  : 0 \
                                              shell_logfile                           : None \
                                              short_help                              : None \
                                              stderr                                  : <_io.TextIOWrapper name='<stderr>' mode='w' encoding='UTF-8'> \
                                              stdin                                   : <_io.TextIOWrapper name='<stdin>' mode='r' encoding='UTF-8'> \
                                              stdlog                                  : <_io.TextIOWrapper name='<stdout>' mode='w' encoding='UTF-8'> \
                                              stdout                                  : <_io.TextIOWrapper name='<stdout>' mode='w' encoding='UTF-8'> \
                                              terminate                               : None \
                                              timeit_file                             : None \
                                              timeit_header                           : None \
                                              timeit_name                             : all \
                                              tracing                                 : None \
                                              variables_to_set                        : [] \
                                              without_cluster                         : False \
                                              work_dir                                : None
2019-07-18 22:52:36,581 INFO main control - started in directory: /rdsgpfs/general/user/grl2718/home/Projects/bgwas3/bgwas3
2019-07-18 22:52:36,598 INFO main control - code location: /rdsgpfs/general/user/grl2718/home/Projects/bgwas3/env/lib/python3.6/site-packages/cgatcore/pipeline
2019-07-18 22:52:36,598 INFO main control - code version: 0ce32f50e2cfbbd4b101a4f2100e9caec4994735
2019-07-18 22:52:36,599 INFO main control - working directory is: /rdsgpfs/general/user/grl2718/home/Projects/bgwas3/bgwas3
2019-07-18 22:52:36,599 INFO main control - changing directory to /rdsgpfs/general/user/grl2718/home/Projects/bgwas3/bgwas3
2019-07-18 22:52:36,599 INFO main control - pipeline has been initialized
2019-07-18 22:52:36,603 INFO main control - temporary directory is /rds/general/ephemeral/user/grl2718/ephemeral/
