2019-08-17 15:58:51,913 INFO main control - pipeline log is pipeline.log
2019-08-17 15:58:51,915 INFO main experiment - output generated by ../bgwas3/bgwas3.py plot full \
                                              job started at Sat Aug 17 15:58:51 2019 on Gregorys-MacBook-Air.local -- 198b27a9-5aaf-4287-90e0-16855e9691af \
                                              pid: 21917, system: Darwin 18.6.0 Darwin Kernel Version 18.6.0: Thu Apr 25 23:16:27 PDT 2019; root:xnu-4903.261.4~2/RELEASE_X86_64 x86_64
2019-08-17 15:58:51,915 INFO main experiment - always_mount                            : False \
                                              cluster_memory_default                  : unlimited \
                                              cluster_memory_resource                 : None \
                                              cluster_num_jobs                        : None \
                                              cluster_options                         : None \
                                              cluster_parallel_environment            : None \
                                              cluster_priority                        : None \
                                              cluster_queue                           : None \
                                              cluster_queue_manager                   : sge \
                                              config_file                             : pipeline.yml \
                                              debug                                   : False \
                                              dry_run                                 : False \
                                              engine                                  : local \
                                              exceptions_terminate_immediately        : None \
                                              force_run                               : False \
                                              input_globs                             : [] \
                                              input_validation                        : False \
                                              is_test                                 : False \
                                              log_config_filename                     : None \
                                              log_exceptions                          : True \
                                              loglevel                                : 1 \
                                              multiprocess                            : None \
                                              only_info                               : False \
                                              pipeline_action                         : None \
                                              pipeline_format                         : svg \
                                              pipeline_logfile                        : pipeline.log \
                                              pipeline_targets                        : [] \
                                              random_seed                             : None \
                                              ruffus_checksums_level                  : 0 \
                                              shell_logfile                           : None \
                                              short_help                              : None \
                                              stderr                                  : <_io.TextIOWrapper name='<stderr>' mode='w' encoding='UTF-8'> \
                                              stdin                                   : <_io.TextIOWrapper name='<stdin>' mode='r' encoding='UTF-8'> \
                                              stdlog                                  : <_io.TextIOWrapper name='<stdout>' mode='w' encoding='UTF-8'> \
                                              stdout                                  : <_io.TextIOWrapper name='<stdout>' mode='w' encoding='UTF-8'> \
                                              terminate                               : None \
                                              timeit_file                             : None \
                                              timeit_header                           : None \
                                              timeit_name                             : all \
                                              tracing                                 : None \
                                              variables_to_set                        : [] \
                                              without_cluster                         : False \
                                              work_dir                                : None
2019-08-17 15:58:51,916 INFO main control - started in directory: /Users/gregory/Projects/bgwas3/code/docs
2019-08-17 15:58:51,971 INFO main control - code location: /Users/gregory/miniconda3/envs/bgwas3/lib/python3.6/site-packages/cgatcore/pipeline
2019-08-17 15:58:51,971 INFO main control - code version: 
2019-08-17 15:58:51,972 INFO main control - working directory is: /Users/gregory/Projects/bgwas3/code/docs
2019-08-17 15:58:51,972 INFO main control - changing directory to /Users/gregory/Projects/bgwas3/code/docs
2019-08-17 15:58:51,972 INFO main control - pipeline has been initialized
2019-08-17 15:58:51,973 INFO main control - temporary directory is /var/folders/3x/d626g3p96zgdb9c2jsqvvfxr0000gn/T/
2019-08-17 15:58:52,145 INFO main execution - running inkscape /var/folders/3x/d626g3p96zgdb9c2jsqvvfxr0000gn/T/tmpbvx09ews
2019-08-17 17:02:56,609 INFO main control - pipeline log is pipeline.log
2019-08-17 17:02:56,610 INFO main experiment - output generated by ../bgwas3/bgwas3.py plot full \
                                              job started at Sat Aug 17 17:02:56 2019 on Gregorys-MacBook-Air.local -- df8b132d-2e38-48d9-bf13-d54ce1da8d5e \
                                              pid: 27477, system: Darwin 18.6.0 Darwin Kernel Version 18.6.0: Thu Apr 25 23:16:27 PDT 2019; root:xnu-4903.261.4~2/RELEASE_X86_64 x86_64
2019-08-17 17:02:56,610 INFO main experiment - always_mount                            : False \
                                              cluster_memory_default                  : unlimited \
                                              cluster_memory_resource                 : None \
                                              cluster_num_jobs                        : None \
                                              cluster_options                         : None \
                                              cluster_parallel_environment            : None \
                                              cluster_priority                        : None \
                                              cluster_queue                           : None \
                                              cluster_queue_manager                   : sge \
                                              config_file                             : pipeline.yml \
                                              debug                                   : False \
                                              dry_run                                 : False \
                                              engine                                  : local \
                                              exceptions_terminate_immediately        : None \
                                              force_run                               : False \
                                              input_globs                             : [] \
                                              input_validation                        : False \
                                              is_test                                 : False \
                                              log_config_filename                     : None \
                                              log_exceptions                          : True \
                                              loglevel                                : 1 \
                                              multiprocess                            : None \
                                              only_info                               : False \
                                              pipeline_action                         : None \
                                              pipeline_format                         : svg \
                                              pipeline_logfile                        : pipeline.log \
                                              pipeline_targets                        : [] \
                                              random_seed                             : None \
                                              ruffus_checksums_level                  : 0 \
                                              shell_logfile                           : None \
                                              short_help                              : None \
                                              stderr                                  : <_io.TextIOWrapper name='<stderr>' mode='w' encoding='UTF-8'> \
                                              stdin                                   : <_io.TextIOWrapper name='<stdin>' mode='r' encoding='UTF-8'> \
                                              stdlog                                  : <_io.TextIOWrapper name='<stdout>' mode='w' encoding='UTF-8'> \
                                              stdout                                  : <_io.TextIOWrapper name='<stdout>' mode='w' encoding='UTF-8'> \
                                              terminate                               : None \
                                              timeit_file                             : None \
                                              timeit_header                           : None \
                                              timeit_name                             : all \
                                              tracing                                 : None \
                                              variables_to_set                        : [] \
                                              without_cluster                         : False \
                                              work_dir                                : None
2019-08-17 17:02:56,611 INFO main control - started in directory: /Users/gregory/Projects/bgwas3/code/docs
2019-08-17 17:02:56,648 INFO main control - code location: /Users/gregory/miniconda3/envs/bgwas3/lib/python3.6/site-packages/cgatcore/pipeline
2019-08-17 17:02:56,652 INFO main control - code version: 
2019-08-17 17:02:56,654 INFO main control - working directory is: /Users/gregory/Projects/bgwas3/code/docs
2019-08-17 17:02:56,655 INFO main control - changing directory to /Users/gregory/Projects/bgwas3/code/docs
2019-08-17 17:02:56,656 INFO main control - pipeline has been initialized
2019-08-17 17:02:56,657 INFO main control - temporary directory is /var/folders/3x/d626g3p96zgdb9c2jsqvvfxr0000gn/T/
2019-08-17 17:02:56,800 INFO main execution - running inkscape /var/folders/3x/d626g3p96zgdb9c2jsqvvfxr0000gn/T/tmpqo1r8hmq
2019-08-17 17:04:17,217 INFO main control - pipeline log is pipeline.log
2019-08-17 17:04:17,218 INFO main experiment - output generated by ../bgwas3/bgwas3.py plot full \
                                              job started at Sat Aug 17 17:04:17 2019 on Gregorys-MacBook-Air.local -- fbbe93d1-d5d3-4c40-a328-a77043c881c0 \
                                              pid: 27612, system: Darwin 18.6.0 Darwin Kernel Version 18.6.0: Thu Apr 25 23:16:27 PDT 2019; root:xnu-4903.261.4~2/RELEASE_X86_64 x86_64
2019-08-17 17:04:17,219 INFO main experiment - always_mount                            : False \
                                              cluster_memory_default                  : unlimited \
                                              cluster_memory_resource                 : None \
                                              cluster_num_jobs                        : None \
                                              cluster_options                         : None \
                                              cluster_parallel_environment            : None \
                                              cluster_priority                        : None \
                                              cluster_queue                           : None \
                                              cluster_queue_manager                   : sge \
                                              config_file                             : pipeline.yml \
                                              debug                                   : False \
                                              dry_run                                 : False \
                                              engine                                  : local \
                                              exceptions_terminate_immediately        : None \
                                              force_run                               : False \
                                              input_globs                             : [] \
                                              input_validation                        : False \
                                              is_test                                 : False \
                                              log_config_filename                     : None \
                                              log_exceptions                          : True \
                                              loglevel                                : 1 \
                                              multiprocess                            : None \
                                              only_info                               : False \
                                              pipeline_action                         : None \
                                              pipeline_format                         : svg \
                                              pipeline_logfile                        : pipeline.log \
                                              pipeline_targets                        : [] \
                                              random_seed                             : None \
                                              ruffus_checksums_level                  : 0 \
                                              shell_logfile                           : None \
                                              short_help                              : None \
                                              stderr                                  : <_io.TextIOWrapper name='<stderr>' mode='w' encoding='UTF-8'> \
                                              stdin                                   : <_io.TextIOWrapper name='<stdin>' mode='r' encoding='UTF-8'> \
                                              stdlog                                  : <_io.TextIOWrapper name='<stdout>' mode='w' encoding='UTF-8'> \
                                              stdout                                  : <_io.TextIOWrapper name='<stdout>' mode='w' encoding='UTF-8'> \
                                              terminate                               : None \
                                              timeit_file                             : None \
                                              timeit_header                           : None \
                                              timeit_name                             : all \
                                              tracing                                 : None \
                                              variables_to_set                        : [] \
                                              without_cluster                         : False \
                                              work_dir                                : None
2019-08-17 17:04:17,219 INFO main control - started in directory: /Users/gregory/Projects/bgwas3/code/docs
2019-08-17 17:04:17,282 INFO main control - code location: /Users/gregory/miniconda3/envs/bgwas3/lib/python3.6/site-packages/cgatcore/pipeline
2019-08-17 17:04:17,283 INFO main control - code version: 
2019-08-17 17:04:17,283 INFO main control - working directory is: /Users/gregory/Projects/bgwas3/code/docs
2019-08-17 17:04:17,283 INFO main control - changing directory to /Users/gregory/Projects/bgwas3/code/docs
2019-08-17 17:04:17,284 INFO main control - pipeline has been initialized
2019-08-17 17:04:17,284 INFO main control - temporary directory is /var/folders/3x/d626g3p96zgdb9c2jsqvvfxr0000gn/T/
2019-08-17 17:04:17,405 INFO main execution - running inkscape /var/folders/3x/d626g3p96zgdb9c2jsqvvfxr0000gn/T/tmpxvcyzecq
2019-08-17 17:10:05,461 INFO main control - pipeline log is pipeline.log
2019-08-17 17:10:05,469 INFO main experiment - output generated by ../bgwas3/bgwas3.py plot full \
                                              job started at Sat Aug 17 17:10:05 2019 on Gregorys-MacBook-Air.local -- cd466c2c-a5b0-43d8-b492-cb304e85b167 \
                                              pid: 28541, system: Darwin 18.6.0 Darwin Kernel Version 18.6.0: Thu Apr 25 23:16:27 PDT 2019; root:xnu-4903.261.4~2/RELEASE_X86_64 x86_64
2019-08-17 17:10:05,469 INFO main experiment - always_mount                            : False \
                                              cluster_memory_default                  : unlimited \
                                              cluster_memory_resource                 : None \
                                              cluster_num_jobs                        : None \
                                              cluster_options                         : None \
                                              cluster_parallel_environment            : None \
                                              cluster_priority                        : None \
                                              cluster_queue                           : None \
                                              cluster_queue_manager                   : sge \
                                              config_file                             : pipeline.yml \
                                              debug                                   : False \
                                              dry_run                                 : False \
                                              engine                                  : local \
                                              exceptions_terminate_immediately        : None \
                                              force_run                               : False \
                                              input_globs                             : [] \
                                              input_validation                        : False \
                                              is_test                                 : False \
                                              log_config_filename                     : None \
                                              log_exceptions                          : True \
                                              loglevel                                : 1 \
                                              multiprocess                            : None \
                                              only_info                               : False \
                                              pipeline_action                         : None \
                                              pipeline_format                         : svg \
                                              pipeline_logfile                        : pipeline.log \
                                              pipeline_targets                        : [] \
                                              random_seed                             : None \
                                              ruffus_checksums_level                  : 0 \
                                              shell_logfile                           : None \
                                              short_help                              : None \
                                              stderr                                  : <_io.TextIOWrapper name='<stderr>' mode='w' encoding='UTF-8'> \
                                              stdin                                   : <_io.TextIOWrapper name='<stdin>' mode='r' encoding='UTF-8'> \
                                              stdlog                                  : <_io.TextIOWrapper name='<stdout>' mode='w' encoding='UTF-8'> \
                                              stdout                                  : <_io.TextIOWrapper name='<stdout>' mode='w' encoding='UTF-8'> \
                                              terminate                               : None \
                                              timeit_file                             : None \
                                              timeit_header                           : None \
                                              timeit_name                             : all \
                                              tracing                                 : None \
                                              variables_to_set                        : [] \
                                              without_cluster                         : False \
                                              work_dir                                : None
2019-08-17 17:10:05,472 INFO main control - started in directory: /Users/gregory/Projects/bgwas3/code/docs
2019-08-17 17:10:05,497 INFO main control - code location: /Users/gregory/miniconda3/envs/bgwas3/lib/python3.6/site-packages/cgatcore/pipeline
2019-08-17 17:10:05,498 INFO main control - code version: 
2019-08-17 17:10:05,499 INFO main control - working directory is: /Users/gregory/Projects/bgwas3/code/docs
2019-08-17 17:10:05,499 INFO main control - changing directory to /Users/gregory/Projects/bgwas3/code/docs
2019-08-17 17:10:05,499 INFO main control - pipeline has been initialized
2019-08-17 17:10:05,499 INFO main control - temporary directory is /var/folders/3x/d626g3p96zgdb9c2jsqvvfxr0000gn/T/
2019-08-17 17:10:05,620 INFO main execution - running inkscape /var/folders/3x/d626g3p96zgdb9c2jsqvvfxr0000gn/T/tmp97soo1v6
2019-08-17 17:10:07,707 INFO main experiment - job finished in 2 seconds at Sat Aug 17 17:10:07 2019 --  1.50  0.55  0.99  0.59 -- cd466c2c-a5b0-43d8-b492-cb304e85b167
2019-08-17 17:12:15,327 INFO main control - pipeline log is pipeline.log
2019-08-17 17:12:15,328 INFO main experiment - output generated by ../bgwas3/bgwas3.py plot full \
                                              job started at Sat Aug 17 17:12:15 2019 on Gregorys-MacBook-Air.local -- b46e6048-4aa6-41b4-9cfb-2dd020143e63 \
                                              pid: 28745, system: Darwin 18.6.0 Darwin Kernel Version 18.6.0: Thu Apr 25 23:16:27 PDT 2019; root:xnu-4903.261.4~2/RELEASE_X86_64 x86_64
2019-08-17 17:12:15,328 INFO main experiment - always_mount                            : False \
                                              cluster_memory_default                  : unlimited \
                                              cluster_memory_resource                 : None \
                                              cluster_num_jobs                        : None \
                                              cluster_options                         : None \
                                              cluster_parallel_environment            : None \
                                              cluster_priority                        : None \
                                              cluster_queue                           : None \
                                              cluster_queue_manager                   : sge \
                                              config_file                             : pipeline.yml \
                                              debug                                   : False \
                                              dry_run                                 : False \
                                              engine                                  : local \
                                              exceptions_terminate_immediately        : None \
                                              force_run                               : False \
                                              input_globs                             : [] \
                                              input_validation                        : False \
                                              is_test                                 : False \
                                              log_config_filename                     : None \
                                              log_exceptions                          : True \
                                              loglevel                                : 1 \
                                              multiprocess                            : None \
                                              only_info                               : False \
                                              pipeline_action                         : None \
                                              pipeline_format                         : svg \
                                              pipeline_logfile                        : pipeline.log \
                                              pipeline_targets                        : [] \
                                              random_seed                             : None \
                                              ruffus_checksums_level                  : 0 \
                                              shell_logfile                           : None \
                                              short_help                              : None \
                                              stderr                                  : <_io.TextIOWrapper name='<stderr>' mode='w' encoding='UTF-8'> \
                                              stdin                                   : <_io.TextIOWrapper name='<stdin>' mode='r' encoding='UTF-8'> \
                                              stdlog                                  : <_io.TextIOWrapper name='<stdout>' mode='w' encoding='UTF-8'> \
                                              stdout                                  : <_io.TextIOWrapper name='<stdout>' mode='w' encoding='UTF-8'> \
                                              terminate                               : None \
                                              timeit_file                             : None \
                                              timeit_header                           : None \
                                              timeit_name                             : all \
                                              tracing                                 : None \
                                              variables_to_set                        : [] \
                                              without_cluster                         : False \
                                              work_dir                                : None
2019-08-17 17:12:15,328 INFO main control - started in directory: /Users/gregory/Projects/bgwas3/code/docs
2019-08-17 17:12:15,354 INFO main control - code location: /Users/gregory/miniconda3/envs/bgwas3/lib/python3.6/site-packages/cgatcore/pipeline
2019-08-17 17:12:15,354 INFO main control - code version: 
2019-08-17 17:12:15,355 INFO main control - working directory is: /Users/gregory/Projects/bgwas3/code/docs
2019-08-17 17:12:15,355 INFO main control - changing directory to /Users/gregory/Projects/bgwas3/code/docs
2019-08-17 17:12:15,355 INFO main control - pipeline has been initialized
2019-08-17 17:12:15,355 INFO main control - temporary directory is /var/folders/3x/d626g3p96zgdb9c2jsqvvfxr0000gn/T/
2019-08-17 17:12:15,483 INFO main execution - running inkscape /var/folders/3x/d626g3p96zgdb9c2jsqvvfxr0000gn/T/tmp3t1hdmwu
2019-08-17 17:12:17,530 INFO main experiment - job finished in 2 seconds at Sat Aug 17 17:12:17 2019 --  1.48  0.48  0.99  0.59 -- b46e6048-4aa6-41b4-9cfb-2dd020143e63
2019-08-17 17:14:15,505 INFO main control - pipeline log is pipeline.log
2019-08-17 17:14:15,506 INFO main experiment - output generated by ../bgwas3/bgwas3.py plot full \
                                              job started at Sat Aug 17 17:14:15 2019 on Gregorys-MacBook-Air.local -- 7d138192-b012-4b4e-ac4c-a635af027cfe \
                                              pid: 28973, system: Darwin 18.6.0 Darwin Kernel Version 18.6.0: Thu Apr 25 23:16:27 PDT 2019; root:xnu-4903.261.4~2/RELEASE_X86_64 x86_64
2019-08-17 17:14:15,507 INFO main experiment - always_mount                            : False \
                                              cluster_memory_default                  : unlimited \
                                              cluster_memory_resource                 : None \
                                              cluster_num_jobs                        : None \
                                              cluster_options                         : None \
                                              cluster_parallel_environment            : None \
                                              cluster_priority                        : None \
                                              cluster_queue                           : None \
                                              cluster_queue_manager                   : sge \
                                              config_file                             : pipeline.yml \
                                              debug                                   : False \
                                              dry_run                                 : False \
                                              engine                                  : local \
                                              exceptions_terminate_immediately        : None \
                                              force_run                               : False \
                                              input_globs                             : [] \
                                              input_validation                        : False \
                                              is_test                                 : False \
                                              log_config_filename                     : None \
                                              log_exceptions                          : True \
                                              loglevel                                : 1 \
                                              multiprocess                            : None \
                                              only_info                               : False \
                                              pipeline_action                         : None \
                                              pipeline_format                         : svg \
                                              pipeline_logfile                        : pipeline.log \
                                              pipeline_targets                        : [] \
                                              random_seed                             : None \
                                              ruffus_checksums_level                  : 0 \
                                              shell_logfile                           : None \
                                              short_help                              : None \
                                              stderr                                  : <_io.TextIOWrapper name='<stderr>' mode='w' encoding='UTF-8'> \
                                              stdin                                   : <_io.TextIOWrapper name='<stdin>' mode='r' encoding='UTF-8'> \
                                              stdlog                                  : <_io.TextIOWrapper name='<stdout>' mode='w' encoding='UTF-8'> \
                                              stdout                                  : <_io.TextIOWrapper name='<stdout>' mode='w' encoding='UTF-8'> \
                                              terminate                               : None \
                                              timeit_file                             : None \
                                              timeit_header                           : None \
                                              timeit_name                             : all \
                                              tracing                                 : None \
                                              variables_to_set                        : [] \
                                              without_cluster                         : False \
                                              work_dir                                : None
2019-08-17 17:14:15,508 INFO main control - started in directory: /Users/gregory/Projects/bgwas3/code/docs
2019-08-17 17:14:15,571 INFO main control - code location: /Users/gregory/miniconda3/envs/bgwas3/lib/python3.6/site-packages/cgatcore/pipeline
2019-08-17 17:14:15,572 INFO main control - code version: 
2019-08-17 17:14:15,572 INFO main control - working directory is: /Users/gregory/Projects/bgwas3/code/docs
2019-08-17 17:14:15,572 INFO main control - changing directory to /Users/gregory/Projects/bgwas3/code/docs
2019-08-17 17:14:15,573 INFO main control - pipeline has been initialized
2019-08-17 17:14:15,573 INFO main control - temporary directory is /var/folders/3x/d626g3p96zgdb9c2jsqvvfxr0000gn/T/
2019-08-17 17:14:15,702 INFO main execution - running inkscape /var/folders/3x/d626g3p96zgdb9c2jsqvvfxr0000gn/T/tmpw8wluzxk
2019-08-17 17:14:17,690 INFO main experiment - job finished in 2 seconds at Sat Aug 17 17:14:17 2019 --  1.38  0.49  0.98  0.58 -- 7d138192-b012-4b4e-ac4c-a635af027cfe
